2019-11-12 04:30:00,005 INFO 10908 [Job#1573504200004303449719756951] C:\Users\Administrator\Desktop\shoppingmall\server\node_modules\_egg-multipart@2.9.0@egg-multipart\app\schedule\clean_tmpdir.js executing by app
2019-11-12 04:30:00,009 INFO 10908 [Job#1573504200004303449719756951] C:\Users\Administrator\Desktop\shoppingmall\server\node_modules\_egg-multipart@2.9.0@egg-multipart\app\schedule\clean_tmpdir.js execute succeed, used 4ms
2019-11-12 04:30:00,008 INFO 10820 [Timer] C:\Users\Administrator\Desktop\shoppingmall\server\node_modules\_egg-multipart@2.9.0@egg-multipart\app\schedule\clean_tmpdir.js next time will execute after 86399996ms at 2019-11-13 04:30:00.004
2019-11-12 08:17:23,854 INFO 11244 [egg-schedule]: register schedule C:\Users\Administrator\Desktop\shoppingmall\server\node_modules\_egg-multipart@2.9.0@egg-multipart\app\schedule\clean_tmpdir.js
2019-11-12 08:17:23,854 INFO 11244 [egg-schedule]: register schedule C:\Users\Administrator\Desktop\shoppingmall\server\node_modules\_egg-logrotator@3.1.0@egg-logrotator\app\schedule\clean_log.js
2019-11-12 08:17:23,854 INFO 11244 [egg-schedule]: register schedule C:\Users\Administrator\Desktop\shoppingmall\server\node_modules\_egg-logrotator@3.1.0@egg-logrotator\app\schedule\rotate_by_file.js
2019-11-12 08:17:39,793 INFO 11160 [Timer] C:\Users\Administrator\Desktop\shoppingmall\server\node_modules\_egg-multipart@2.9.0@egg-multipart\app\schedule\clean_tmpdir.js next time will execute after 72740210ms at 2019-11-13 04:30:00.003
2019-11-12 08:17:39,793 INFO 11160 [Timer] C:\Users\Administrator\Desktop\shoppingmall\server\node_modules\_egg-logrotator@3.1.0@egg-logrotator\app\schedule\clean_log.js next time will execute after 56540207ms at 2019-11-13 00:00:00.000
2019-11-12 08:17:39,794 INFO 11160 [Timer] C:\Users\Administrator\Desktop\shoppingmall\server\node_modules\_egg-logrotator@3.1.0@egg-logrotator\app\schedule\rotate_by_file.js next time will execute after 56541207ms at 2019-11-13 00:00:01.001
2019-11-12 20:22:19,943 INFO 11256 [egg-schedule]: register schedule C:\Users\Administrator\Desktop\shoppingmall\server\node_modules\_egg-multipart@2.9.0@egg-multipart\app\schedule\clean_tmpdir.js
2019-11-12 20:22:19,943 INFO 11256 [egg-schedule]: register schedule C:\Users\Administrator\Desktop\shoppingmall\server\node_modules\_egg-logrotator@3.1.0@egg-logrotator\app\schedule\clean_log.js
2019-11-12 20:22:19,943 INFO 11256 [egg-schedule]: register schedule C:\Users\Administrator\Desktop\shoppingmall\server\node_modules\_egg-logrotator@3.1.0@egg-logrotator\app\schedule\rotate_by_file.js
2019-11-12 20:22:32,925 INFO 11172 [Timer] C:\Users\Administrator\Desktop\shoppingmall\server\node_modules\_egg-multipart@2.9.0@egg-multipart\app\schedule\clean_tmpdir.js next time will execute after 29247077ms at 2019-11-13 04:30:00.002
2019-11-12 20:22:32,925 INFO 11172 [Timer] C:\Users\Administrator\Desktop\shoppingmall\server\node_modules\_egg-logrotator@3.1.0@egg-logrotator\app\schedule\clean_log.js next time will execute after 13047075ms at 2019-11-13 00:00:00.000
2019-11-12 20:22:32,925 INFO 11172 [Timer] C:\Users\Administrator\Desktop\shoppingmall\server\node_modules\_egg-logrotator@3.1.0@egg-logrotator\app\schedule\rotate_by_file.js next time will execute after 13048075ms at 2019-11-13 00:00:01.000
2019-11-13 08:20:34,064 INFO 6760 [egg-schedule]: register schedule C:\Users\Administrator\Desktop\shoppingmall\server\node_modules\_egg-multipart@2.9.0@egg-multipart\app\schedule\clean_tmpdir.js
2019-11-13 08:20:34,064 INFO 6760 [egg-schedule]: register schedule C:\Users\Administrator\Desktop\shoppingmall\server\node_modules\_egg-logrotator@3.1.0@egg-logrotator\app\schedule\clean_log.js
2019-11-13 08:20:34,064 INFO 6760 [egg-schedule]: register schedule C:\Users\Administrator\Desktop\shoppingmall\server\node_modules\_egg-logrotator@3.1.0@egg-logrotator\app\schedule\rotate_by_file.js
2019-11-13 08:20:47,040 INFO 5712 [Timer] C:\Users\Administrator\Desktop\shoppingmall\server\node_modules\_egg-multipart@2.9.0@egg-multipart\app\schedule\clean_tmpdir.js next time will execute after 72552962ms at 2019-11-14 04:30:00.002
2019-11-13 08:20:47,041 INFO 5712 [Timer] C:\Users\Administrator\Desktop\shoppingmall\server\node_modules\_egg-logrotator@3.1.0@egg-logrotator\app\schedule\clean_log.js next time will execute after 56352960ms at 2019-11-14 00:00:00.001
2019-11-13 08:20:47,041 INFO 5712 [Timer] C:\Users\Administrator\Desktop\shoppingmall\server\node_modules\_egg-logrotator@3.1.0@egg-logrotator\app\schedule\rotate_by_file.js next time will execute after 56353959ms at 2019-11-14 00:00:01.000
2019-11-13 20:00:50,986 INFO 10332 [egg-schedule]: register schedule C:\Users\Administrator\Desktop\shoppingmall\server\node_modules\_egg-multipart@2.9.0@egg-multipart\app\schedule\clean_tmpdir.js
2019-11-13 20:00:50,986 INFO 10332 [egg-schedule]: register schedule C:\Users\Administrator\Desktop\shoppingmall\server\node_modules\_egg-logrotator@3.1.0@egg-logrotator\app\schedule\clean_log.js
2019-11-13 20:00:50,986 INFO 10332 [egg-schedule]: register schedule C:\Users\Administrator\Desktop\shoppingmall\server\node_modules\_egg-logrotator@3.1.0@egg-logrotator\app\schedule\rotate_by_file.js
2019-11-13 20:01:05,305 INFO 4876 [Timer] C:\Users\Administrator\Desktop\shoppingmall\server\node_modules\_egg-multipart@2.9.0@egg-multipart\app\schedule\clean_tmpdir.js next time will execute after 30534697ms at 2019-11-14 04:30:00.002
2019-11-13 20:01:05,305 INFO 4876 [Timer] C:\Users\Administrator\Desktop\shoppingmall\server\node_modules\_egg-logrotator@3.1.0@egg-logrotator\app\schedule\clean_log.js next time will execute after 14334695ms at 2019-11-14 00:00:00.000
2019-11-13 20:01:05,305 INFO 4876 [Timer] C:\Users\Administrator\Desktop\shoppingmall\server\node_modules\_egg-logrotator@3.1.0@egg-logrotator\app\schedule\rotate_by_file.js next time will execute after 14335695ms at 2019-11-14 00:00:01.000
2019-11-14 08:16:57,674 INFO 3384 [egg-schedule]: register schedule C:\Users\Administrator\Desktop\shoppingmall\server\node_modules\_egg-multipart@2.9.0@egg-multipart\app\schedule\clean_tmpdir.js
2019-11-14 08:16:57,674 INFO 3384 [egg-schedule]: register schedule C:\Users\Administrator\Desktop\shoppingmall\server\node_modules\_egg-logrotator@3.1.0@egg-logrotator\app\schedule\clean_log.js
2019-11-14 08:16:57,674 INFO 3384 [egg-schedule]: register schedule C:\Users\Administrator\Desktop\shoppingmall\server\node_modules\_egg-logrotator@3.1.0@egg-logrotator\app\schedule\rotate_by_file.js
2019-11-14 08:17:13,582 INFO 2480 [Timer] C:\Users\Administrator\Desktop\shoppingmall\server\node_modules\_egg-multipart@2.9.0@egg-multipart\app\schedule\clean_tmpdir.js next time will execute after 72766421ms at 2019-11-15 04:30:00.003
2019-11-14 08:17:13,582 INFO 2480 [Timer] C:\Users\Administrator\Desktop\shoppingmall\server\node_modules\_egg-logrotator@3.1.0@egg-logrotator\app\schedule\clean_log.js next time will execute after 56566418ms at 2019-11-15 00:00:00.000
2019-11-14 08:17:13,583 INFO 2480 [Timer] C:\Users\Administrator\Desktop\shoppingmall\server\node_modules\_egg-logrotator@3.1.0@egg-logrotator\app\schedule\rotate_by_file.js next time will execute after 56567418ms at 2019-11-15 00:00:01.001
2019-11-14 20:07:36,704 INFO 9472 [egg-schedule]: register schedule C:\Users\Administrator\Desktop\shoppingmall\server\node_modules\_egg-multipart@2.9.0@egg-multipart\app\schedule\clean_tmpdir.js
2019-11-14 20:07:36,704 INFO 9472 [egg-schedule]: register schedule C:\Users\Administrator\Desktop\shoppingmall\server\node_modules\_egg-logrotator@3.1.0@egg-logrotator\app\schedule\clean_log.js
2019-11-14 20:07:36,704 INFO 9472 [egg-schedule]: register schedule C:\Users\Administrator\Desktop\shoppingmall\server\node_modules\_egg-logrotator@3.1.0@egg-logrotator\app\schedule\rotate_by_file.js
2019-11-14 20:07:51,680 INFO 2144 [Timer] C:\Users\Administrator\Desktop\shoppingmall\server\node_modules\_egg-multipart@2.9.0@egg-multipart\app\schedule\clean_tmpdir.js next time will execute after 30128322ms at 2019-11-15 04:30:00.002
2019-11-14 20:07:51,681 INFO 2144 [Timer] C:\Users\Administrator\Desktop\shoppingmall\server\node_modules\_egg-logrotator@3.1.0@egg-logrotator\app\schedule\clean_log.js next time will execute after 13928320ms at 2019-11-15 00:00:00.001
2019-11-14 20:07:51,681 INFO 2144 [Timer] C:\Users\Administrator\Desktop\shoppingmall\server\node_modules\_egg-logrotator@3.1.0@egg-logrotator\app\schedule\rotate_by_file.js next time will execute after 13929319ms at 2019-11-15 00:00:01.000
