2019-04-26 21:53:24,588 INFO 12066 [egg:logger] init all loggers with options: {"dir":"/Users/lp1/Downloads/Vue-shopping-master/egg/logs/server","encoding":"utf8","env":"local","level":"INFO","consoleLevel":"INFO","disableConsoleAfterReady":false,"outputJSON":false,"buffer":true,"appLogName":"server-web.log","coreLogName":"egg-web.log","agentLogName":"egg-agent.log","errorLogName":"common-error.log","coreLogger":{"consoleLevel":"WARN"},"allowDebugAtProd":false,"type":"application"}
2019-04-26 21:53:24,620 INFO 12066 [egg-multipart] stream mode enable
2019-04-26 21:53:24,844 INFO 12066 [egg-mongoose] connecting mongodb://127.0.0.1/shoppingMall
2019-04-26 21:53:25,038 INFO 12066 [egg-static] starting static serve /public/ -> /Users/lp1/Downloads/Vue-shopping-master/egg/app/public
2019-04-26 21:53:25,040 INFO 12066 [egg-security] use methodnoallow middleware
2019-04-26 21:53:25,040 INFO 12066 [egg-security] use noopen middleware
2019-04-26 21:53:25,041 INFO 12066 [egg-security] use nosniff middleware
2019-04-26 21:53:25,041 INFO 12066 [egg-security] use xssProtection middleware
2019-04-26 21:53:25,041 INFO 12066 [egg-security] use xframe middleware
2019-04-26 21:53:25,042 INFO 12066 [egg-security] use dta middleware
2019-04-26 21:53:25,042 INFO 12066 [egg-security] compose 6 middlewares into one security middleware
2019-04-26 21:53:25,054 INFO 12066 [egg:core] dump config after load, 4ms
2019-04-26 21:53:25,056 INFO 12066 [egg-mongoose] starting...
2019-04-26 21:53:25,103 INFO 12066 [egg-watcher:application] watcher start success
2019-04-26 21:53:25,106 INFO 12066 [egg-mongoose] mongodb://127.0.0.1/shoppingMall connected successfully
2019-04-26 21:53:25,113 INFO 12066 [egg-mongoose] instance[0] start successfully
2019-04-26 21:53:25,122 INFO 12066 [egg:core] dump config after ready, 7ms
2019-04-27 08:36:27,825 INFO 6732 [egg:logger] init all loggers with options: {"dir":"C:\\Users\\Administrator\\Desktop\\shop\\server\\logs\\server","encoding":"utf8","env":"local","level":"INFO","consoleLevel":"INFO","disableConsoleAfterReady":false,"outputJSON":false,"buffer":true,"appLogName":"server-web.log","coreLogName":"egg-web.log","agentLogName":"egg-agent.log","errorLogName":"common-error.log","coreLogger":{"consoleLevel":"WARN"},"allowDebugAtProd":false,"type":"application"}
2019-04-27 08:36:27,870 INFO 6732 [egg-multipart] stream mode enable
2019-04-27 08:36:28,159 INFO 6732 [egg-mongoose] connecting mongodb://127.0.0.1/shoppingMall
2019-04-27 08:36:28,444 INFO 6732 [egg-static] starting static serve /public/ -> C:\Users\Administrator\Desktop\shop\server\app\public
2019-04-27 08:36:28,447 INFO 6732 [egg-security] use methodnoallow middleware
2019-04-27 08:36:28,448 INFO 6732 [egg-security] use noopen middleware
2019-04-27 08:36:28,449 INFO 6732 [egg-security] use nosniff middleware
2019-04-27 08:36:28,449 INFO 6732 [egg-security] use xssProtection middleware
2019-04-27 08:36:28,451 INFO 6732 [egg-security] use xframe middleware
2019-04-27 08:36:28,452 INFO 6732 [egg-security] use dta middleware
2019-04-27 08:36:28,452 INFO 6732 [egg-security] compose 6 middlewares into one security middleware
2019-04-27 08:36:28,472 INFO 6732 [egg:core] dump config after load, 5ms
2019-04-27 08:36:28,475 INFO 6732 [egg-mongoose] starting...
2019-04-27 08:36:28,514 INFO 6732 [egg-mongoose] mongodb://127.0.0.1/shoppingMall connected successfully
2019-04-27 08:36:28,522 INFO 6732 [egg-mongoose] instance[0] start successfully
2019-04-27 08:36:28,524 INFO 6732 [egg-watcher:application] watcher start success
2019-04-27 08:36:28,531 INFO 6732 [egg:core] dump config after ready, 6ms
2019-04-27 10:25:49,253 INFO 3124 [egg:logger] init all loggers with options: {"dir":"C:\\Users\\Administrator\\Desktop\\shop\\server\\logs\\server","encoding":"utf8","env":"local","level":"INFO","consoleLevel":"INFO","disableConsoleAfterReady":false,"outputJSON":false,"buffer":true,"appLogName":"server-web.log","coreLogName":"egg-web.log","agentLogName":"egg-agent.log","errorLogName":"common-error.log","coreLogger":{"consoleLevel":"WARN"},"allowDebugAtProd":false,"type":"application"}
2019-04-27 10:25:49,290 INFO 3124 [egg-multipart] stream mode enable
2019-04-27 10:25:49,771 INFO 3124 [egg-mongoose] connecting mongodb://127.0.0.1/shoppingMall
2019-04-27 10:25:50,103 INFO 3124 [egg-static] starting static serve /public/ -> C:\Users\Administrator\Desktop\shop\server\app\public
2019-04-27 10:25:50,106 INFO 3124 [egg-security] use methodnoallow middleware
2019-04-27 10:25:50,106 INFO 3124 [egg-security] use noopen middleware
2019-04-27 10:25:50,107 INFO 3124 [egg-security] use nosniff middleware
2019-04-27 10:25:50,108 INFO 3124 [egg-security] use xssProtection middleware
2019-04-27 10:25:50,109 INFO 3124 [egg-security] use xframe middleware
2019-04-27 10:25:50,110 INFO 3124 [egg-security] use dta middleware
2019-04-27 10:25:50,110 INFO 3124 [egg-security] compose 6 middlewares into one security middleware
2019-04-27 10:25:50,132 INFO 3124 [egg:core] dump config after load, 8ms
2019-04-27 10:25:50,136 INFO 3124 [egg-mongoose] starting...
2019-04-27 10:25:50,176 INFO 3124 [egg-mongoose] mongodb://127.0.0.1/shoppingMall connected successfully
2019-04-27 10:25:50,183 INFO 3124 [egg-mongoose] instance[0] start successfully
2019-04-27 10:25:50,188 INFO 3124 [egg-watcher:application] watcher start success
2019-04-27 10:25:50,198 INFO 3124 [egg:core] dump config after ready, 8ms
2019-04-30 13:56:42,538 INFO 7004 [egg:logger] init all loggers with options: {"dir":"C:\\Users\\Administrator\\Desktop\\shop\\server\\logs\\server","encoding":"utf8","env":"local","level":"INFO","consoleLevel":"INFO","disableConsoleAfterReady":false,"outputJSON":false,"buffer":true,"appLogName":"server-web.log","coreLogName":"egg-web.log","agentLogName":"egg-agent.log","errorLogName":"common-error.log","coreLogger":{"consoleLevel":"WARN"},"allowDebugAtProd":false,"type":"application"}
2019-04-30 13:56:42,574 INFO 7004 [egg-multipart] stream mode enable
2019-04-30 13:56:42,879 INFO 7004 [egg-mongoose] connecting mongodb://127.0.0.1/shoppingMall
2019-04-30 13:56:43,116 INFO 7004 [egg-static] starting static serve /public/ -> C:\Users\Administrator\Desktop\shop\server\app\public
2019-04-30 13:56:43,119 INFO 7004 [egg-security] use methodnoallow middleware
2019-04-30 13:56:43,119 INFO 7004 [egg-security] use noopen middleware
2019-04-30 13:56:43,120 INFO 7004 [egg-security] use nosniff middleware
2019-04-30 13:56:43,121 INFO 7004 [egg-security] use xssProtection middleware
2019-04-30 13:56:43,121 INFO 7004 [egg-security] use xframe middleware
2019-04-30 13:56:43,121 INFO 7004 [egg-security] use dta middleware
2019-04-30 13:56:43,121 INFO 7004 [egg-security] compose 6 middlewares into one security middleware
2019-04-30 13:56:43,339 INFO 7004 [egg:core] dump config after load, 25ms
2019-04-30 13:56:43,347 INFO 7004 [egg-mongoose] starting...
2019-04-30 13:56:43,402 INFO 7004 [egg-watcher:application] watcher start success
2019-04-30 13:56:43,517 INFO 7004 [egg-mongoose] mongodb://127.0.0.1/shoppingMall connected successfully
2019-04-30 13:56:43,538 INFO 7004 [egg-mongoose] instance[0] start successfully
2019-04-30 13:56:43,555 INFO 7004 [egg:core] dump config after ready, 12ms
2019-04-30 14:03:27,941 INFO 1108 [egg:logger] init all loggers with options: {"dir":"C:\\Users\\Administrator\\Desktop\\shop\\server\\logs\\server","encoding":"utf8","env":"local","level":"INFO","consoleLevel":"INFO","disableConsoleAfterReady":false,"outputJSON":false,"buffer":true,"appLogName":"server-web.log","coreLogName":"egg-web.log","agentLogName":"egg-agent.log","errorLogName":"common-error.log","coreLogger":{"consoleLevel":"WARN"},"allowDebugAtProd":false,"type":"application"}
2019-04-30 14:03:27,982 INFO 1108 [egg-multipart] stream mode enable
2019-04-30 14:03:28,494 INFO 1108 [egg-mongoose] connecting mongodb://127.0.0.1/shoppingMall
2019-04-30 14:03:28,868 INFO 1108 [egg-static] starting static serve /public/ -> C:\Users\Administrator\Desktop\shop\server\app\public
2019-04-30 14:03:28,871 INFO 1108 [egg-security] use methodnoallow middleware
2019-04-30 14:03:28,872 INFO 1108 [egg-security] use noopen middleware
2019-04-30 14:03:28,873 INFO 1108 [egg-security] use nosniff middleware
2019-04-30 14:03:28,874 INFO 1108 [egg-security] use xssProtection middleware
2019-04-30 14:03:28,875 INFO 1108 [egg-security] use xframe middleware
2019-04-30 14:03:28,875 INFO 1108 [egg-security] use dta middleware
2019-04-30 14:03:28,875 INFO 1108 [egg-security] compose 6 middlewares into one security middleware
2019-04-30 14:03:28,898 INFO 1108 [egg:core] dump config after load, 5ms
2019-04-30 14:03:28,901 INFO 1108 [egg-mongoose] starting...
2019-04-30 14:03:28,938 INFO 1108 [egg-mongoose] mongodb://127.0.0.1/shoppingMall connected successfully
2019-04-30 14:03:28,945 INFO 1108 [egg-mongoose] instance[0] start successfully
2019-04-30 14:03:28,948 INFO 1108 [egg-watcher:application] watcher start success
2019-04-30 14:03:28,958 INFO 1108 [egg:core] dump config after ready, 7ms
2019-04-30 15:00:05,761 INFO 6380 [egg:logger] init all loggers with options: {"dir":"C:\\Users\\Administrator\\Desktop\\shop\\server\\logs\\server","encoding":"utf8","env":"local","level":"INFO","consoleLevel":"INFO","disableConsoleAfterReady":false,"outputJSON":false,"buffer":true,"appLogName":"server-web.log","coreLogName":"egg-web.log","agentLogName":"egg-agent.log","errorLogName":"common-error.log","coreLogger":{"consoleLevel":"WARN"},"allowDebugAtProd":false,"type":"application"}
2019-04-30 15:00:05,801 INFO 6380 [egg-multipart] stream mode enable
2019-04-30 15:00:06,250 INFO 6380 [egg-mongoose] connecting mongodb://127.0.0.1/shoppingMall
2019-04-30 15:00:06,600 INFO 6380 [egg-static] starting static serve /public/ -> C:\Users\Administrator\Desktop\shop\server\app\public
2019-04-30 15:00:06,603 INFO 6380 [egg-security] use methodnoallow middleware
2019-04-30 15:00:06,603 INFO 6380 [egg-security] use noopen middleware
2019-04-30 15:00:06,604 INFO 6380 [egg-security] use nosniff middleware
2019-04-30 15:00:06,605 INFO 6380 [egg-security] use xssProtection middleware
2019-04-30 15:00:06,605 INFO 6380 [egg-security] use xframe middleware
2019-04-30 15:00:06,606 INFO 6380 [egg-security] use dta middleware
2019-04-30 15:00:06,606 INFO 6380 [egg-security] compose 6 middlewares into one security middleware
2019-04-30 15:00:06,632 INFO 6380 [egg:core] dump config after load, 6ms
2019-04-30 15:00:06,635 INFO 6380 [egg-mongoose] starting...
2019-04-30 15:00:06,674 INFO 6380 [egg-mongoose] mongodb://127.0.0.1/shoppingMall connected successfully
2019-04-30 15:00:06,681 INFO 6380 [egg-mongoose] instance[0] start successfully
2019-04-30 15:00:06,686 INFO 6380 [egg-watcher:application] watcher start success
2019-04-30 15:00:06,693 INFO 6380 [egg:core] dump config after ready, 5ms
2019-04-30 15:01:10,396 INFO 6940 [egg:logger] init all loggers with options: {"dir":"C:\\Users\\Administrator\\Desktop\\shop\\server\\logs\\server","encoding":"utf8","env":"local","level":"INFO","consoleLevel":"INFO","disableConsoleAfterReady":false,"outputJSON":false,"buffer":true,"appLogName":"server-web.log","coreLogName":"egg-web.log","agentLogName":"egg-agent.log","errorLogName":"common-error.log","coreLogger":{"consoleLevel":"WARN"},"allowDebugAtProd":false,"type":"application"}
2019-04-30 15:01:10,434 INFO 6940 [egg-multipart] stream mode enable
2019-04-30 15:01:10,738 INFO 6940 [egg-mongoose] connecting mongodb://127.0.0.1/shoppingMall
2019-04-30 15:01:11,030 INFO 6940 [egg-static] starting static serve /public/ -> C:\Users\Administrator\Desktop\shop\server\app\public
2019-04-30 15:01:11,033 INFO 6940 [egg-security] use methodnoallow middleware
2019-04-30 15:01:11,034 INFO 6940 [egg-security] use noopen middleware
2019-04-30 15:01:11,035 INFO 6940 [egg-security] use nosniff middleware
2019-04-30 15:01:11,036 INFO 6940 [egg-security] use xssProtection middleware
2019-04-30 15:01:11,036 INFO 6940 [egg-security] use xframe middleware
2019-04-30 15:01:11,037 INFO 6940 [egg-security] use dta middleware
2019-04-30 15:01:11,037 INFO 6940 [egg-security] compose 6 middlewares into one security middleware
2019-04-30 15:01:11,070 INFO 6940 [egg:core] dump config after load, 8ms
2019-04-30 15:01:11,073 INFO 6940 [egg-mongoose] starting...
2019-04-30 15:01:11,119 INFO 6940 [egg-mongoose] mongodb://127.0.0.1/shoppingMall connected successfully
2019-04-30 15:01:11,127 INFO 6940 [egg-mongoose] instance[0] start successfully
2019-04-30 15:01:11,132 INFO 6940 [egg-watcher:application] watcher start success
2019-04-30 15:01:11,141 INFO 6940 [egg:core] dump config after ready, 7ms
2019-04-30 15:10:23,263 INFO 1588 [egg:logger] init all loggers with options: {"dir":"C:\\Users\\Administrator\\Desktop\\shop\\server\\logs\\server","encoding":"utf8","env":"local","level":"INFO","consoleLevel":"INFO","disableConsoleAfterReady":false,"outputJSON":false,"buffer":true,"appLogName":"server-web.log","coreLogName":"egg-web.log","agentLogName":"egg-agent.log","errorLogName":"common-error.log","coreLogger":{"consoleLevel":"WARN"},"allowDebugAtProd":false,"type":"application"}
2019-04-30 15:10:23,301 INFO 1588 [egg-multipart] stream mode enable
2019-04-30 15:10:23,661 INFO 1588 [egg-mongoose] connecting mongodb://127.0.0.1/shoppingMall
2019-04-30 15:10:23,886 INFO 1588 [egg-static] starting static serve /public/ -> C:\Users\Administrator\Desktop\shop\server\app\public
2019-04-30 15:10:23,888 INFO 1588 [egg-security] use methodnoallow middleware
2019-04-30 15:10:23,889 INFO 1588 [egg-security] use noopen middleware
2019-04-30 15:10:23,890 INFO 1588 [egg-security] use nosniff middleware
2019-04-30 15:10:23,890 INFO 1588 [egg-security] use xssProtection middleware
2019-04-30 15:10:23,891 INFO 1588 [egg-security] use xframe middleware
2019-04-30 15:10:23,891 INFO 1588 [egg-security] use dta middleware
2019-04-30 15:10:23,891 INFO 1588 [egg-security] compose 6 middlewares into one security middleware
2019-04-30 15:10:23,915 INFO 1588 [egg:core] dump config after load, 6ms
2019-04-30 15:10:23,918 INFO 1588 [egg-mongoose] starting...
2019-04-30 15:10:23,966 INFO 1588 [egg-mongoose] mongodb://127.0.0.1/shoppingMall connected successfully
2019-04-30 15:10:23,973 INFO 1588 [egg-mongoose] instance[0] start successfully
2019-04-30 15:10:23,975 INFO 1588 [egg-watcher:application] watcher start success
2019-04-30 15:10:23,985 INFO 1588 [egg:core] dump config after ready, 6ms
2019-04-30 16:00:34,873 INFO 2516 [egg:logger] init all loggers with options: {"dir":"C:\\Users\\Administrator\\Desktop\\shop\\server\\logs\\server","encoding":"utf8","env":"local","level":"INFO","consoleLevel":"INFO","disableConsoleAfterReady":false,"outputJSON":false,"buffer":true,"appLogName":"server-web.log","coreLogName":"egg-web.log","agentLogName":"egg-agent.log","errorLogName":"common-error.log","coreLogger":{"consoleLevel":"WARN"},"allowDebugAtProd":false,"type":"application"}
2019-04-30 16:00:34,907 INFO 2516 [egg-multipart] stream mode enable
2019-04-30 16:00:35,337 INFO 2516 [egg-mongoose] connecting mongodb://127.0.0.1/shoppingMall
2019-04-30 16:00:35,694 INFO 2516 [egg-static] starting static serve /public/ -> C:\Users\Administrator\Desktop\shop\server\app\public
2019-04-30 16:00:35,696 INFO 2516 [egg-security] use methodnoallow middleware
2019-04-30 16:00:35,697 INFO 2516 [egg-security] use noopen middleware
2019-04-30 16:00:35,698 INFO 2516 [egg-security] use nosniff middleware
2019-04-30 16:00:35,699 INFO 2516 [egg-security] use xssProtection middleware
2019-04-30 16:00:35,699 INFO 2516 [egg-security] use xframe middleware
2019-04-30 16:00:35,700 INFO 2516 [egg-security] use dta middleware
2019-04-30 16:00:35,700 INFO 2516 [egg-security] compose 6 middlewares into one security middleware
2019-04-30 16:00:35,724 INFO 2516 [egg:core] dump config after load, 6ms
2019-04-30 16:00:35,728 INFO 2516 [egg-mongoose] starting...
2019-04-30 16:00:35,778 INFO 2516 [egg-mongoose] mongodb://127.0.0.1/shoppingMall connected successfully
2019-04-30 16:00:35,785 INFO 2516 [egg-mongoose] instance[0] start successfully
2019-04-30 16:00:35,787 INFO 2516 [egg-watcher:application] watcher start success
2019-04-30 16:00:35,797 INFO 2516 [egg:core] dump config after ready, 7ms
2019-04-30 16:27:58,964 INFO 1652 [egg:logger] init all loggers with options: {"dir":"C:\\Users\\Administrator\\Desktop\\shop\\server\\logs\\server","encoding":"utf8","env":"local","level":"INFO","consoleLevel":"INFO","disableConsoleAfterReady":false,"outputJSON":false,"buffer":true,"appLogName":"server-web.log","coreLogName":"egg-web.log","agentLogName":"egg-agent.log","errorLogName":"common-error.log","coreLogger":{"consoleLevel":"WARN"},"allowDebugAtProd":false,"type":"application"}
2019-04-30 16:27:59,004 INFO 1652 [egg-multipart] stream mode enable
2019-04-30 16:27:59,447 INFO 1652 [egg-mongoose] connecting mongodb://127.0.0.1/shoppingMall
2019-04-30 16:27:59,766 INFO 1652 [egg-static] starting static serve /public/ -> C:\Users\Administrator\Desktop\shop\server\app\public
2019-04-30 16:27:59,768 INFO 1652 [egg-security] use methodnoallow middleware
2019-04-30 16:27:59,769 INFO 1652 [egg-security] use noopen middleware
2019-04-30 16:27:59,770 INFO 1652 [egg-security] use nosniff middleware
2019-04-30 16:27:59,770 INFO 1652 [egg-security] use xssProtection middleware
2019-04-30 16:27:59,771 INFO 1652 [egg-security] use xframe middleware
2019-04-30 16:27:59,771 INFO 1652 [egg-security] use dta middleware
2019-04-30 16:27:59,771 INFO 1652 [egg-security] compose 6 middlewares into one security middleware
2019-04-30 16:27:59,791 INFO 1652 [egg:core] dump config after load, 7ms
2019-04-30 16:27:59,795 INFO 1652 [egg-mongoose] starting...
2019-04-30 16:27:59,855 INFO 1652 [egg-mongoose] mongodb://127.0.0.1/shoppingMall connected successfully
2019-04-30 16:27:59,867 INFO 1652 [egg-mongoose] instance[0] start successfully
2019-04-30 16:27:59,872 INFO 1652 [egg-watcher:application] watcher start success
2019-04-30 16:27:59,891 INFO 1652 [egg:core] dump config after ready, 17ms
2019-05-08 11:13:01,282 INFO 7920 [egg:logger] init all loggers with options: {"dir":"C:\\Users\\Administrator\\Desktop\\shop\\server\\logs\\server","encoding":"utf8","env":"local","level":"INFO","consoleLevel":"INFO","disableConsoleAfterReady":false,"outputJSON":false,"buffer":true,"appLogName":"server-web.log","coreLogName":"egg-web.log","agentLogName":"egg-agent.log","errorLogName":"common-error.log","coreLogger":{"consoleLevel":"WARN"},"allowDebugAtProd":false,"type":"application"}
2019-05-08 11:13:01,317 INFO 7920 [egg-multipart] stream mode enable
2019-05-08 11:13:01,786 INFO 7920 [egg-mongoose] connecting mongodb://127.0.0.1/shoppingMall
2019-05-08 11:13:02,170 INFO 7920 [egg-static] starting static serve /public/ -> C:\Users\Administrator\Desktop\shop\server\app\public
2019-05-08 11:13:02,173 INFO 7920 [egg-security] use methodnoallow middleware
2019-05-08 11:13:02,174 INFO 7920 [egg-security] use noopen middleware
2019-05-08 11:13:02,175 INFO 7920 [egg-security] use nosniff middleware
2019-05-08 11:13:02,176 INFO 7920 [egg-security] use xssProtection middleware
2019-05-08 11:13:02,176 INFO 7920 [egg-security] use xframe middleware
2019-05-08 11:13:02,177 INFO 7920 [egg-security] use dta middleware
2019-05-08 11:13:02,177 INFO 7920 [egg-security] compose 6 middlewares into one security middleware
2019-05-08 11:13:02,203 INFO 7920 [egg:core] dump config after load, 7ms
2019-05-08 11:13:02,205 INFO 7920 [egg-mongoose] starting...
2019-05-08 11:13:02,244 INFO 7920 [egg-mongoose] mongodb://127.0.0.1/shoppingMall connected successfully
2019-05-08 11:13:02,251 INFO 7920 [egg-mongoose] instance[0] start successfully
2019-05-08 11:13:02,253 INFO 7920 [egg-watcher:application] watcher start success
2019-05-08 11:13:02,265 INFO 7920 [egg:core] dump config after ready, 9ms
2019-05-08 16:19:35,343 INFO 6608 [egg:logger] init all loggers with options: {"dir":"C:\\Users\\Administrator\\Desktop\\shop\\server\\logs\\server","encoding":"utf8","env":"local","level":"INFO","consoleLevel":"INFO","disableConsoleAfterReady":false,"outputJSON":false,"buffer":true,"appLogName":"server-web.log","coreLogName":"egg-web.log","agentLogName":"egg-agent.log","errorLogName":"common-error.log","coreLogger":{"consoleLevel":"WARN"},"allowDebugAtProd":false,"type":"application"}
2019-05-08 16:19:35,395 INFO 6608 [egg-multipart] stream mode enable
2019-05-08 16:19:36,206 INFO 6608 [egg-mongoose] connecting mongodb://127.0.0.1/shoppingMall
2019-05-08 16:19:36,761 INFO 6608 [egg-static] starting static serve /public/ -> C:\Users\Administrator\Desktop\shop\server\app\public
2019-05-08 16:19:36,765 INFO 6608 [egg-security] use methodnoallow middleware
2019-05-08 16:19:36,765 INFO 6608 [egg-security] use noopen middleware
2019-05-08 16:19:36,767 INFO 6608 [egg-security] use nosniff middleware
2019-05-08 16:19:36,767 INFO 6608 [egg-security] use xssProtection middleware
2019-05-08 16:19:36,768 INFO 6608 [egg-security] use xframe middleware
2019-05-08 16:19:36,769 INFO 6608 [egg-security] use dta middleware
2019-05-08 16:19:36,769 INFO 6608 [egg-security] compose 6 middlewares into one security middleware
2019-05-08 16:19:36,812 INFO 6608 [egg:core] dump config after load, 17ms
2019-05-08 16:19:36,816 INFO 6608 [egg-mongoose] starting...
2019-05-08 16:19:36,882 INFO 6608 [egg-mongoose] mongodb://127.0.0.1/shoppingMall connected successfully
2019-05-08 16:19:36,894 INFO 6608 [egg-mongoose] instance[0] start successfully
2019-05-08 16:19:36,897 INFO 6608 [egg-watcher:application] watcher start success
2019-05-08 16:19:36,916 INFO 6608 [egg:core] dump config after ready, 14ms
2019-05-10 08:53:01,754 INFO 3636 [egg:logger] init all loggers with options: {"dir":"C:\\Users\\Administrator\\Desktop\\shop\\server\\logs\\server","encoding":"utf8","env":"local","level":"INFO","consoleLevel":"INFO","disableConsoleAfterReady":false,"outputJSON":false,"buffer":true,"appLogName":"server-web.log","coreLogName":"egg-web.log","agentLogName":"egg-agent.log","errorLogName":"common-error.log","coreLogger":{"consoleLevel":"WARN"},"allowDebugAtProd":false,"type":"application"}
2019-05-10 08:53:01,791 INFO 3636 [egg-multipart] stream mode enable
2019-05-10 08:53:02,221 INFO 3636 [egg-mongoose] connecting mongodb://127.0.0.1/shoppingMall
2019-05-10 08:53:02,558 INFO 3636 [egg-static] starting static serve /public/ -> C:\Users\Administrator\Desktop\shop\server\app\public
2019-05-10 08:53:02,566 INFO 3636 [egg-security] use methodnoallow middleware
2019-05-10 08:53:02,567 INFO 3636 [egg-security] use noopen middleware
2019-05-10 08:53:02,568 INFO 3636 [egg-security] use nosniff middleware
2019-05-10 08:53:02,569 INFO 3636 [egg-security] use xssProtection middleware
2019-05-10 08:53:02,569 INFO 3636 [egg-security] use xframe middleware
2019-05-10 08:53:02,570 INFO 3636 [egg-security] use dta middleware
2019-05-10 08:53:02,570 INFO 3636 [egg-security] compose 6 middlewares into one security middleware
2019-05-10 08:53:02,592 INFO 3636 [egg:core] dump config after load, 5ms
2019-05-10 08:53:02,596 INFO 3636 [egg-mongoose] starting...
2019-05-10 08:53:02,634 INFO 3636 [egg-watcher:application] watcher start success
2019-05-10 08:53:02,638 INFO 3636 [egg-mongoose] mongodb://127.0.0.1/shoppingMall connected successfully
2019-05-10 08:53:02,645 INFO 3636 [egg-mongoose] instance[0] start successfully
2019-05-10 08:53:02,651 INFO 3636 [egg:core] dump config after ready, 5ms
2019-05-10 08:53:17,447 INFO 7048 [egg:logger] init all loggers with options: {"dir":"C:\\Users\\Administrator\\Desktop\\shop\\server\\logs\\server","encoding":"utf8","env":"local","level":"INFO","consoleLevel":"INFO","disableConsoleAfterReady":false,"outputJSON":false,"buffer":true,"appLogName":"server-web.log","coreLogName":"egg-web.log","agentLogName":"egg-agent.log","errorLogName":"common-error.log","coreLogger":{"consoleLevel":"WARN"},"allowDebugAtProd":false,"type":"application"}
2019-05-10 08:53:17,484 INFO 7048 [egg-multipart] stream mode enable
2019-05-10 08:53:17,774 INFO 7048 [egg-mongoose] connecting mongodb://127.0.0.1/shoppingMall
2019-05-10 08:53:18,005 INFO 7048 [egg-static] starting static serve /public/ -> C:\Users\Administrator\Desktop\shop\server\app\public
2019-05-10 08:53:18,008 INFO 7048 [egg-security] use methodnoallow middleware
2019-05-10 08:53:18,008 INFO 7048 [egg-security] use noopen middleware
2019-05-10 08:53:18,009 INFO 7048 [egg-security] use nosniff middleware
2019-05-10 08:53:18,009 INFO 7048 [egg-security] use xssProtection middleware
2019-05-10 08:53:18,010 INFO 7048 [egg-security] use xframe middleware
2019-05-10 08:53:18,010 INFO 7048 [egg-security] use dta middleware
2019-05-10 08:53:18,010 INFO 7048 [egg-security] compose 6 middlewares into one security middleware
2019-05-10 08:53:18,028 INFO 7048 [egg:core] dump config after load, 6ms
2019-05-10 08:53:18,030 INFO 7048 [egg-mongoose] starting...
2019-05-10 08:53:18,066 INFO 7048 [egg-mongoose] mongodb://127.0.0.1/shoppingMall connected successfully
2019-05-10 08:53:18,073 INFO 7048 [egg-mongoose] instance[0] start successfully
2019-05-10 08:53:18,075 INFO 7048 [egg-watcher:application] watcher start success
2019-05-10 08:53:18,087 INFO 7048 [egg:core] dump config after ready, 6ms
2019-07-01 09:48:43,781 INFO 404 [egg:logger] init all loggers with options: {"dir":"C:\\Users\\Administrator\\Desktop\\vue商城项目\\server\\logs\\server","encoding":"utf8","env":"local","level":"INFO","consoleLevel":"INFO","disableConsoleAfterReady":false,"outputJSON":false,"buffer":true,"appLogName":"server-web.log","coreLogName":"egg-web.log","agentLogName":"egg-agent.log","errorLogName":"common-error.log","coreLogger":{"consoleLevel":"WARN"},"allowDebugAtProd":false,"type":"application"}
2019-07-01 09:48:43,808 INFO 404 [egg-multipart] stream mode enable
2019-07-01 09:48:44,102 INFO 404 [egg-mongoose] connecting mongodb://127.0.0.1/shoppingMall
2019-07-01 09:48:44,329 INFO 404 [egg-static] starting static serve /public/ -> C:\Users\Administrator\Desktop\vue商城项目\server\app\public
2019-07-01 09:48:44,332 INFO 404 [egg-security] use methodnoallow middleware
2019-07-01 09:48:44,333 INFO 404 [egg-security] use noopen middleware
2019-07-01 09:48:44,333 INFO 404 [egg-security] use nosniff middleware
2019-07-01 09:48:44,334 INFO 404 [egg-security] use xssProtection middleware
2019-07-01 09:48:44,335 INFO 404 [egg-security] use xframe middleware
2019-07-01 09:48:44,335 INFO 404 [egg-security] use dta middleware
2019-07-01 09:48:44,335 INFO 404 [egg-security] compose 6 middlewares into one security middleware
2019-07-01 09:48:44,360 INFO 404 [egg:core] dump config after load, 9ms
2019-07-01 09:48:44,363 INFO 404 [egg-mongoose] starting...
2019-07-01 09:48:44,412 INFO 404 [egg-mongoose] mongodb://127.0.0.1/shoppingMall connected successfully
2019-07-01 09:48:44,420 INFO 404 [egg-mongoose] instance[0] start successfully
2019-07-01 09:48:44,423 INFO 404 [egg-watcher:application] watcher start success
2019-07-01 09:48:44,436 INFO 404 [egg:core] dump config after ready, 11ms
2019-07-03 14:42:37,659 INFO 9404 [egg:logger] init all loggers with options: {"dir":"C:\\Users\\Administrator\\Desktop\\vue商城项目\\server\\logs\\server","encoding":"utf8","env":"local","level":"INFO","consoleLevel":"INFO","disableConsoleAfterReady":false,"outputJSON":false,"buffer":true,"appLogName":"server-web.log","coreLogName":"egg-web.log","agentLogName":"egg-agent.log","errorLogName":"common-error.log","coreLogger":{"consoleLevel":"WARN"},"allowDebugAtProd":false,"type":"application"}
2019-07-03 14:42:37,688 INFO 9404 [egg-multipart] stream mode enable
2019-07-03 14:42:38,256 INFO 9404 [egg-mongoose] connecting mongodb://127.0.0.1/shoppingMall
2019-07-03 14:42:38,818 INFO 9404 [egg-static] starting static serve /public/ -> C:\Users\Administrator\Desktop\vue商城项目\server\app\public
2019-07-03 14:42:38,824 INFO 9404 [egg-security] use methodnoallow middleware
2019-07-03 14:42:38,826 INFO 9404 [egg-security] use noopen middleware
2019-07-03 14:42:38,827 INFO 9404 [egg-security] use nosniff middleware
2019-07-03 14:42:38,829 INFO 9404 [egg-security] use xssProtection middleware
2019-07-03 14:42:38,829 INFO 9404 [egg-security] use xframe middleware
2019-07-03 14:42:38,831 INFO 9404 [egg-security] use dta middleware
2019-07-03 14:42:38,831 INFO 9404 [egg-security] compose 6 middlewares into one security middleware
2019-07-03 14:42:38,873 INFO 9404 [egg:core] dump config after load, 11ms
2019-07-03 14:42:38,882 INFO 9404 [egg-mongoose] starting...
2019-07-03 14:42:38,939 INFO 9404 [egg-mongoose] mongodb://127.0.0.1/shoppingMall connected successfully
2019-07-03 14:42:38,946 INFO 9404 [egg-mongoose] instance[0] start successfully
2019-07-03 14:42:38,949 INFO 9404 [egg-watcher:application] watcher start success
2019-07-03 14:42:38,962 INFO 9404 [egg:core] dump config after ready, 8ms
2019-07-03 15:24:23,550 INFO 10252 [egg:logger] init all loggers with options: {"dir":"C:\\Users\\Administrator\\Desktop\\vue商城项目\\server\\logs\\server","encoding":"utf8","env":"local","level":"INFO","consoleLevel":"INFO","disableConsoleAfterReady":false,"outputJSON":false,"buffer":true,"appLogName":"server-web.log","coreLogName":"egg-web.log","agentLogName":"egg-agent.log","errorLogName":"common-error.log","coreLogger":{"consoleLevel":"WARN"},"allowDebugAtProd":false,"type":"application"}
2019-07-03 15:24:23,579 INFO 10252 [egg-multipart] stream mode enable
2019-07-03 15:24:24,217 INFO 10252 [egg-mongoose] connecting mongodb://127.0.0.1/shoppingMall
2019-07-03 15:24:24,649 INFO 10252 [egg-static] starting static serve /public/ -> C:\Users\Administrator\Desktop\vue商城项目\server\app\public
2019-07-03 15:24:24,652 INFO 10252 [egg-security] use methodnoallow middleware
2019-07-03 15:24:24,653 INFO 10252 [egg-security] use noopen middleware
2019-07-03 15:24:24,654 INFO 10252 [egg-security] use nosniff middleware
2019-07-03 15:24:24,655 INFO 10252 [egg-security] use xssProtection middleware
2019-07-03 15:24:24,656 INFO 10252 [egg-security] use xframe middleware
2019-07-03 15:24:24,656 INFO 10252 [egg-security] use dta middleware
2019-07-03 15:24:24,656 INFO 10252 [egg-security] compose 6 middlewares into one security middleware
2019-07-03 15:24:24,684 INFO 10252 [egg:core] dump config after load, 7ms
2019-07-03 15:24:24,687 INFO 10252 [egg-mongoose] starting...
2019-07-03 15:24:24,727 INFO 10252 [egg-mongoose] mongodb://127.0.0.1/shoppingMall connected successfully
2019-07-03 15:24:24,735 INFO 10252 [egg-mongoose] instance[0] start successfully
2019-07-03 15:24:24,737 INFO 10252 [egg-watcher:application] watcher start success
2019-07-03 15:24:24,748 INFO 10252 [egg:core] dump config after ready, 7ms
2019-10-31 09:53:12,583 INFO 5340 [egg:logger] init all loggers with options: {"dir":"C:\\Users\\Administrator\\Desktop\\two\\server\\logs\\server","encoding":"utf8","env":"local","level":"INFO","consoleLevel":"INFO","disableConsoleAfterReady":false,"outputJSON":false,"buffer":true,"appLogName":"server-web.log","coreLogName":"egg-web.log","agentLogName":"egg-agent.log","errorLogName":"common-error.log","coreLogger":{"consoleLevel":"WARN"},"allowDebugAtProd":false,"type":"application"}
2019-10-31 09:53:12,618 INFO 5340 [egg-multipart] stream mode enable
2019-10-31 09:53:16,267 INFO 5340 [egg-mongoose] connecting mongodb://127.0.0.1/shoppingMall
2019-10-31 09:53:22,001 INFO 5340 [egg-static] starting static serve /public/ -> C:\Users\Administrator\Desktop\two\server\app\public
2019-10-31 09:53:22,027 INFO 5340 [egg-security] use methodnoallow middleware
2019-10-31 09:53:22,028 INFO 5340 [egg-security] use noopen middleware
2019-10-31 09:53:22,033 INFO 5340 [egg-security] use nosniff middleware
2019-10-31 09:53:22,035 INFO 5340 [egg-security] use xssProtection middleware
2019-10-31 09:53:22,043 INFO 5340 [egg-security] use xframe middleware
2019-10-31 09:53:22,045 INFO 5340 [egg-security] use dta middleware
2019-10-31 09:53:22,045 INFO 5340 [egg-security] compose 6 middlewares into one security middleware
2019-10-31 09:53:23,022 INFO 5340 [egg:core] dump config after load, 15ms
2019-10-31 09:53:23,029 INFO 5340 [egg-mongoose] starting...
2019-10-31 09:53:23,202 INFO 5340 [egg-mongoose] mongodb://127.0.0.1/shoppingMall connected successfully
2019-10-31 09:53:23,211 INFO 5340 [egg-mongoose] instance[0] start successfully
2019-10-31 09:53:23,214 INFO 5340 [egg-watcher:application] watcher start success
2019-10-31 09:53:23,229 INFO 5340 [egg:core] dump config after ready, 12ms
2019-10-31 10:01:52,473 INFO 6520 [egg:logger] init all loggers with options: {"dir":"C:\\Users\\Administrator\\Desktop\\server\\logs\\server","encoding":"utf8","env":"local","level":"INFO","consoleLevel":"INFO","disableConsoleAfterReady":false,"outputJSON":false,"buffer":true,"appLogName":"server-web.log","coreLogName":"egg-web.log","agentLogName":"egg-agent.log","errorLogName":"common-error.log","coreLogger":{"consoleLevel":"WARN"},"allowDebugAtProd":false,"type":"application"}
2019-10-31 10:01:52,503 INFO 6520 [egg-multipart] stream mode enable
2019-10-31 10:01:52,850 INFO 6520 [egg-mongoose] connecting mongodb://127.0.0.1/shoppingMall
2019-10-31 10:01:53,128 INFO 6520 [egg-static] starting static serve /public/ -> C:\Users\Administrator\Desktop\server\app\public
2019-10-31 10:01:53,131 INFO 6520 [egg-security] use methodnoallow middleware
2019-10-31 10:01:53,131 INFO 6520 [egg-security] use noopen middleware
2019-10-31 10:01:53,133 INFO 6520 [egg-security] use nosniff middleware
2019-10-31 10:01:53,133 INFO 6520 [egg-security] use xssProtection middleware
2019-10-31 10:01:53,134 INFO 6520 [egg-security] use xframe middleware
2019-10-31 10:01:53,135 INFO 6520 [egg-security] use dta middleware
2019-10-31 10:01:53,135 INFO 6520 [egg-security] compose 6 middlewares into one security middleware
2019-10-31 10:01:53,154 INFO 6520 [egg:core] dump config after load, 5ms
2019-10-31 10:01:53,161 INFO 6520 [egg-mongoose] starting...
2019-10-31 10:01:53,210 INFO 6520 [egg-mongoose] mongodb://127.0.0.1/shoppingMall connected successfully
2019-10-31 10:01:53,223 INFO 6520 [egg-mongoose] instance[0] start successfully
2019-10-31 10:01:53,225 INFO 6520 [egg-watcher:application] watcher start success
2019-10-31 10:01:53,236 INFO 6520 [egg:core] dump config after ready, 9ms
2019-11-04 09:27:19,375 INFO 6308 [egg:logger] init all loggers with options: {"dir":"C:\\Users\\Administrator\\Desktop\\shoppingmall\\server\\logs\\server","encoding":"utf8","env":"local","level":"INFO","consoleLevel":"INFO","disableConsoleAfterReady":false,"outputJSON":false,"buffer":true,"appLogName":"server-web.log","coreLogName":"egg-web.log","agentLogName":"egg-agent.log","errorLogName":"common-error.log","coreLogger":{"consoleLevel":"WARN"},"allowDebugAtProd":false,"type":"application"}
2019-11-04 09:27:19,402 INFO 6308 [egg-multipart] stream mode enable
2019-11-04 09:27:19,676 INFO 6308 [egg-mongoose] connecting mongodb://127.0.0.1/shoppingMall
2019-11-04 09:27:20,425 INFO 6308 [egg-static] starting static serve /public/ -> C:\Users\Administrator\Desktop\shoppingmall\server\app\public
2019-11-04 09:27:20,428 INFO 6308 [egg-security] use methodnoallow middleware
2019-11-04 09:27:20,429 INFO 6308 [egg-security] use noopen middleware
2019-11-04 09:27:20,431 INFO 6308 [egg-security] use nosniff middleware
2019-11-04 09:27:20,431 INFO 6308 [egg-security] use xssProtection middleware
2019-11-04 09:27:20,432 INFO 6308 [egg-security] use xframe middleware
2019-11-04 09:27:20,432 INFO 6308 [egg-security] use dta middleware
2019-11-04 09:27:20,432 INFO 6308 [egg-security] compose 6 middlewares into one security middleware
2019-11-04 09:27:20,454 INFO 6308 [egg:core] dump config after load, 6ms
2019-11-04 09:27:20,459 INFO 6308 [egg-mongoose] starting...
2019-11-04 09:27:20,510 INFO 6308 [egg-watcher:application] watcher start success
2019-11-04 09:27:20,562 INFO 6308 [egg-mongoose] mongodb://127.0.0.1/shoppingMall connected successfully
2019-11-04 09:27:20,575 INFO 6308 [egg-mongoose] instance[0] start successfully
2019-11-04 09:27:20,585 INFO 6308 [egg:core] dump config after ready, 8ms
2019-11-04 14:16:59,904 INFO 996 [egg:logger] init all loggers with options: {"dir":"C:\\Users\\Administrator\\Desktop\\shoppingmall\\server\\logs\\server","encoding":"utf8","env":"local","level":"INFO","consoleLevel":"INFO","disableConsoleAfterReady":false,"outputJSON":false,"buffer":true,"appLogName":"server-web.log","coreLogName":"egg-web.log","agentLogName":"egg-agent.log","errorLogName":"common-error.log","coreLogger":{"consoleLevel":"WARN"},"allowDebugAtProd":false,"type":"application"}
2019-11-04 14:16:59,930 INFO 996 [egg-multipart] stream mode enable
2019-11-04 14:17:05,695 INFO 996 [egg-mongoose] connecting mongodb://127.0.0.1/shoppingMall
2019-11-04 14:17:09,837 INFO 996 [egg-static] starting static serve /public/ -> C:\Users\Administrator\Desktop\shoppingmall\server\app\public
2019-11-04 14:17:09,840 INFO 996 [egg-security] use methodnoallow middleware
2019-11-04 14:17:09,840 INFO 996 [egg-security] use noopen middleware
2019-11-04 14:17:09,842 INFO 996 [egg-security] use nosniff middleware
2019-11-04 14:17:09,842 INFO 996 [egg-security] use xssProtection middleware
2019-11-04 14:17:09,843 INFO 996 [egg-security] use xframe middleware
2019-11-04 14:17:09,844 INFO 996 [egg-security] use dta middleware
2019-11-04 14:17:09,844 INFO 996 [egg-security] compose 6 middlewares into one security middleware
2019-11-04 14:17:09,973 INFO 996 [egg:core] dump config after load, 5ms
2019-11-04 14:17:09,979 INFO 996 [egg-mongoose] starting...
2019-11-04 14:17:10,080 INFO 996 [egg-mongoose] mongodb://127.0.0.1/shoppingMall connected successfully
2019-11-04 14:17:10,087 INFO 996 [egg-mongoose] instance[0] start successfully
2019-11-04 14:17:10,089 INFO 996 [egg-watcher:application] watcher start success
2019-11-04 14:17:10,100 INFO 996 [egg:core] dump config after ready, 8ms
2019-11-04 14:27:20,216 INFO 10484 [egg:logger] init all loggers with options: {"dir":"C:\\Users\\Administrator\\Desktop\\shoppingmall\\server\\logs\\server","encoding":"utf8","env":"local","level":"INFO","consoleLevel":"INFO","disableConsoleAfterReady":false,"outputJSON":false,"buffer":true,"appLogName":"server-web.log","coreLogName":"egg-web.log","agentLogName":"egg-agent.log","errorLogName":"common-error.log","coreLogger":{"consoleLevel":"WARN"},"allowDebugAtProd":false,"type":"application"}
2019-11-04 14:27:20,258 INFO 10484 [egg-multipart] stream mode enable
2019-11-04 14:27:20,905 INFO 10484 [egg-mongoose] connecting mongodb://127.0.0.1/shoppingMall
2019-11-04 14:27:21,281 INFO 10484 [egg-static] starting static serve /public/ -> C:\Users\Administrator\Desktop\shoppingmall\server\app\public
2019-11-04 14:27:21,284 INFO 10484 [egg-security] use methodnoallow middleware
2019-11-04 14:27:21,284 INFO 10484 [egg-security] use noopen middleware
2019-11-04 14:27:21,288 INFO 10484 [egg-security] use nosniff middleware
2019-11-04 14:27:21,289 INFO 10484 [egg-security] use xssProtection middleware
2019-11-04 14:27:21,290 INFO 10484 [egg-security] use xframe middleware
2019-11-04 14:27:21,291 INFO 10484 [egg-security] use dta middleware
2019-11-04 14:27:21,291 INFO 10484 [egg-security] compose 6 middlewares into one security middleware
2019-11-04 14:27:21,348 INFO 10484 [egg:core] dump config after load, 12ms
2019-11-04 14:27:21,359 INFO 10484 [egg-mongoose] starting...
2019-11-04 14:27:21,450 INFO 10484 [egg-watcher:application] watcher start success
2019-11-04 14:27:21,743 INFO 10484 [egg-mongoose] mongodb://127.0.0.1/shoppingMall connected successfully
2019-11-04 14:27:21,754 INFO 10484 [egg-mongoose] instance[0] start successfully
2019-11-04 14:27:21,842 INFO 10484 [egg:core] dump config after ready, 82ms
2019-11-04 15:34:36,219 INFO 2316 [egg:logger] init all loggers with options: {"dir":"C:\\Users\\Administrator\\Desktop\\shoppingmall\\server\\logs\\server","encoding":"utf8","env":"local","level":"INFO","consoleLevel":"INFO","disableConsoleAfterReady":false,"outputJSON":false,"buffer":true,"appLogName":"server-web.log","coreLogName":"egg-web.log","agentLogName":"egg-agent.log","errorLogName":"common-error.log","coreLogger":{"consoleLevel":"WARN"},"allowDebugAtProd":false,"type":"application"}
2019-11-04 15:34:36,249 INFO 2316 [egg-multipart] stream mode enable
2019-11-04 15:34:36,619 INFO 2316 [egg-mongoose] connecting mongodb://127.0.0.1/shoppingMall
2019-11-04 15:34:36,949 INFO 2316 [egg-static] starting static serve /public/ -> C:\Users\Administrator\Desktop\shoppingmall\server\app\public
2019-11-04 15:34:36,952 INFO 2316 [egg-security] use methodnoallow middleware
2019-11-04 15:34:36,952 INFO 2316 [egg-security] use noopen middleware
2019-11-04 15:34:36,954 INFO 2316 [egg-security] use nosniff middleware
2019-11-04 15:34:36,954 INFO 2316 [egg-security] use xssProtection middleware
2019-11-04 15:34:36,955 INFO 2316 [egg-security] use xframe middleware
2019-11-04 15:34:36,955 INFO 2316 [egg-security] use dta middleware
2019-11-04 15:34:36,955 INFO 2316 [egg-security] compose 6 middlewares into one security middleware
2019-11-04 15:34:36,981 INFO 2316 [egg:core] dump config after load, 8ms
2019-11-04 15:34:36,989 INFO 2316 [egg-mongoose] starting...
2019-11-04 15:34:37,043 INFO 2316 [egg-mongoose] mongodb://127.0.0.1/shoppingMall connected successfully
2019-11-04 15:34:37,057 INFO 2316 [egg-mongoose] instance[0] start successfully
2019-11-04 15:34:37,059 INFO 2316 [egg-watcher:application] watcher start success
2019-11-04 15:34:37,072 INFO 2316 [egg:core] dump config after ready, 10ms
2019-11-04 15:53:49,184 INFO 5176 [egg:logger] init all loggers with options: {"dir":"C:\\Users\\Administrator\\Desktop\\shoppingmall\\server\\logs\\server","encoding":"utf8","env":"local","level":"INFO","consoleLevel":"INFO","disableConsoleAfterReady":false,"outputJSON":false,"buffer":true,"appLogName":"server-web.log","coreLogName":"egg-web.log","agentLogName":"egg-agent.log","errorLogName":"common-error.log","coreLogger":{"consoleLevel":"WARN"},"allowDebugAtProd":false,"type":"application"}
2019-11-04 15:53:49,216 INFO 5176 [egg-multipart] stream mode enable
2019-11-04 15:53:49,564 INFO 5176 [egg-mongoose] connecting mongodb://127.0.0.1/shoppingMall
2019-11-04 15:53:49,871 INFO 5176 [egg-static] starting static serve /public/ -> C:\Users\Administrator\Desktop\shoppingmall\server\app\public
2019-11-04 15:53:49,875 INFO 5176 [egg-security] use methodnoallow middleware
2019-11-04 15:53:49,876 INFO 5176 [egg-security] use noopen middleware
2019-11-04 15:53:49,877 INFO 5176 [egg-security] use nosniff middleware
2019-11-04 15:53:49,878 INFO 5176 [egg-security] use xssProtection middleware
2019-11-04 15:53:49,879 INFO 5176 [egg-security] use xframe middleware
2019-11-04 15:53:49,879 INFO 5176 [egg-security] use dta middleware
2019-11-04 15:53:49,879 INFO 5176 [egg-security] compose 6 middlewares into one security middleware
2019-11-04 15:53:49,902 INFO 5176 [egg:core] dump config after load, 6ms
2019-11-04 15:53:49,909 INFO 5176 [egg-mongoose] starting...
2019-11-04 15:53:49,971 INFO 5176 [egg-mongoose] mongodb://127.0.0.1/shoppingMall connected successfully
2019-11-04 15:53:49,984 INFO 5176 [egg-mongoose] instance[0] start successfully
2019-11-04 15:53:49,986 INFO 5176 [egg-watcher:application] watcher start success
2019-11-04 15:53:49,999 INFO 5176 [egg:core] dump config after ready, 10ms
2019-11-04 20:12:55,359 INFO 9208 [egg:logger] init all loggers with options: {"dir":"C:\\Users\\Administrator\\Desktop\\shoppingmall\\server\\logs\\server","encoding":"utf8","env":"local","level":"INFO","consoleLevel":"INFO","disableConsoleAfterReady":false,"outputJSON":false,"buffer":true,"appLogName":"server-web.log","coreLogName":"egg-web.log","agentLogName":"egg-agent.log","errorLogName":"common-error.log","coreLogger":{"consoleLevel":"WARN"},"allowDebugAtProd":false,"type":"application"}
2019-11-04 20:12:55,388 INFO 9208 [egg-multipart] stream mode enable
2019-11-04 20:13:08,113 INFO 9208 [egg-mongoose] connecting mongodb://127.0.0.1/shoppingMall
2019-11-04 20:13:19,250 INFO 9208 [egg-static] starting static serve /public/ -> C:\Users\Administrator\Desktop\shoppingmall\server\app\public
2019-11-04 20:13:19,271 INFO 9208 [egg-security] use methodnoallow middleware
2019-11-04 20:13:19,273 INFO 9208 [egg-security] use noopen middleware
2019-11-04 20:13:19,276 INFO 9208 [egg-security] use nosniff middleware
2019-11-04 20:13:19,278 INFO 9208 [egg-security] use xssProtection middleware
2019-11-04 20:13:19,279 INFO 9208 [egg-security] use xframe middleware
2019-11-04 20:13:19,280 INFO 9208 [egg-security] use dta middleware
2019-11-04 20:13:19,281 INFO 9208 [egg-security] compose 6 middlewares into one security middleware
2019-11-04 20:13:19,647 INFO 9208 [egg:core] dump config after load, 7ms
2019-11-04 20:13:19,654 INFO 9208 [egg-mongoose] starting...
2019-11-04 20:13:19,750 INFO 9208 [egg-mongoose] mongodb://127.0.0.1/shoppingMall connected successfully
2019-11-04 20:13:19,759 INFO 9208 [egg-mongoose] instance[0] start successfully
2019-11-04 20:13:19,761 INFO 9208 [egg-watcher:application] watcher start success
2019-11-04 20:13:19,777 INFO 9208 [egg:core] dump config after ready, 13ms
2019-11-05 08:19:06,388 INFO 9772 [egg:logger] init all loggers with options: {"dir":"C:\\Users\\Administrator\\Desktop\\shoppingmall\\server\\logs\\server","encoding":"utf8","env":"local","level":"INFO","consoleLevel":"INFO","disableConsoleAfterReady":false,"outputJSON":false,"buffer":true,"appLogName":"server-web.log","coreLogName":"egg-web.log","agentLogName":"egg-agent.log","errorLogName":"common-error.log","coreLogger":{"consoleLevel":"WARN"},"allowDebugAtProd":false,"type":"application"}
2019-11-05 08:19:06,472 INFO 9772 [egg-multipart] stream mode enable
2019-11-05 08:19:17,988 INFO 9772 [egg-mongoose] connecting mongodb://127.0.0.1/shoppingMall
2019-11-05 08:19:25,908 INFO 9772 [egg-static] starting static serve /public/ -> C:\Users\Administrator\Desktop\shoppingmall\server\app\public
2019-11-05 08:19:25,920 INFO 9772 [egg-security] use methodnoallow middleware
2019-11-05 08:19:25,933 INFO 9772 [egg-security] use noopen middleware
2019-11-05 08:19:25,935 INFO 9772 [egg-security] use nosniff middleware
2019-11-05 08:19:25,935 INFO 9772 [egg-security] use xssProtection middleware
2019-11-05 08:19:25,936 INFO 9772 [egg-security] use xframe middleware
2019-11-05 08:19:25,937 INFO 9772 [egg-security] use dta middleware
2019-11-05 08:19:25,937 INFO 9772 [egg-security] compose 6 middlewares into one security middleware
2019-11-05 08:19:26,266 INFO 9772 [egg:core] dump config after load, 6ms
2019-11-05 08:19:26,272 INFO 9772 [egg-mongoose] starting...
2019-11-05 08:19:26,402 INFO 9772 [egg-mongoose] mongodb://127.0.0.1/shoppingMall connected successfully
2019-11-05 08:19:26,413 INFO 9772 [egg-mongoose] instance[0] start successfully
2019-11-05 08:19:26,426 INFO 9772 [egg-watcher:application] watcher start success
2019-11-05 08:19:26,438 INFO 9772 [egg:core] dump config after ready, 11ms
2019-11-05 20:14:57,932 INFO 5364 [egg:logger] init all loggers with options: {"dir":"C:\\Users\\Administrator\\Desktop\\shoppingmall\\server\\logs\\server","encoding":"utf8","env":"local","level":"INFO","consoleLevel":"INFO","disableConsoleAfterReady":false,"outputJSON":false,"buffer":true,"appLogName":"server-web.log","coreLogName":"egg-web.log","agentLogName":"egg-agent.log","errorLogName":"common-error.log","coreLogger":{"consoleLevel":"WARN"},"allowDebugAtProd":false,"type":"application"}
2019-11-05 20:14:57,963 INFO 5364 [egg-multipart] stream mode enable
2019-11-05 20:15:03,046 INFO 5364 [egg-mongoose] connecting mongodb://127.0.0.1/shoppingMall
2019-11-05 20:15:06,612 INFO 5364 [egg-static] starting static serve /public/ -> C:\Users\Administrator\Desktop\shoppingmall\server\app\public
2019-11-05 20:15:06,622 INFO 5364 [egg-security] use methodnoallow middleware
2019-11-05 20:15:06,624 INFO 5364 [egg-security] use noopen middleware
2019-11-05 20:15:06,625 INFO 5364 [egg-security] use nosniff middleware
2019-11-05 20:15:06,626 INFO 5364 [egg-security] use xssProtection middleware
2019-11-05 20:15:06,627 INFO 5364 [egg-security] use xframe middleware
2019-11-05 20:15:06,627 INFO 5364 [egg-security] use dta middleware
2019-11-05 20:15:06,627 INFO 5364 [egg-security] compose 6 middlewares into one security middleware
2019-11-05 20:15:06,762 INFO 5364 [egg:core] dump config after load, 8ms
2019-11-05 20:15:06,767 INFO 5364 [egg-mongoose] starting...
2019-11-05 20:15:06,835 INFO 5364 [egg-mongoose] mongodb://127.0.0.1/shoppingMall connected successfully
2019-11-05 20:15:06,842 INFO 5364 [egg-mongoose] instance[0] start successfully
2019-11-05 20:15:06,844 INFO 5364 [egg-watcher:application] watcher start success
2019-11-05 20:15:06,854 INFO 5364 [egg:core] dump config after ready, 7ms
2019-11-06 08:23:44,940 INFO 9392 [egg:logger] init all loggers with options: {"dir":"C:\\Users\\Administrator\\Desktop\\shoppingmall\\server\\logs\\server","encoding":"utf8","env":"local","level":"INFO","consoleLevel":"INFO","disableConsoleAfterReady":false,"outputJSON":false,"buffer":true,"appLogName":"server-web.log","coreLogName":"egg-web.log","agentLogName":"egg-agent.log","errorLogName":"common-error.log","coreLogger":{"consoleLevel":"WARN"},"allowDebugAtProd":false,"type":"application"}
2019-11-06 08:23:44,983 INFO 9392 [egg-multipart] stream mode enable
2019-11-06 08:23:51,629 INFO 9392 [egg-mongoose] connecting mongodb://127.0.0.1/shoppingMall
2019-11-06 08:23:57,252 INFO 9392 [egg-static] starting static serve /public/ -> C:\Users\Administrator\Desktop\shoppingmall\server\app\public
2019-11-06 08:23:57,282 INFO 9392 [egg-security] use methodnoallow middleware
2019-11-06 08:23:57,283 INFO 9392 [egg-security] use noopen middleware
2019-11-06 08:23:57,285 INFO 9392 [egg-security] use nosniff middleware
2019-11-06 08:23:57,286 INFO 9392 [egg-security] use xssProtection middleware
2019-11-06 08:23:57,286 INFO 9392 [egg-security] use xframe middleware
2019-11-06 08:23:57,287 INFO 9392 [egg-security] use dta middleware
2019-11-06 08:23:57,287 INFO 9392 [egg-security] compose 6 middlewares into one security middleware
2019-11-06 08:23:57,478 INFO 9392 [egg:core] dump config after load, 6ms
2019-11-06 08:23:57,485 INFO 9392 [egg-mongoose] starting...
2019-11-06 08:23:57,549 INFO 9392 [egg-mongoose] mongodb://127.0.0.1/shoppingMall connected successfully
2019-11-06 08:23:57,560 INFO 9392 [egg-mongoose] instance[0] start successfully
2019-11-06 08:23:57,565 INFO 9392 [egg-watcher:application] watcher start success
2019-11-06 08:23:57,575 INFO 9392 [egg:core] dump config after ready, 9ms
2019-11-06 20:03:09,315 INFO 9620 [egg:logger] init all loggers with options: {"dir":"C:\\Users\\Administrator\\Desktop\\shoppingmall\\server\\logs\\server","encoding":"utf8","env":"local","level":"INFO","consoleLevel":"INFO","disableConsoleAfterReady":false,"outputJSON":false,"buffer":true,"appLogName":"server-web.log","coreLogName":"egg-web.log","agentLogName":"egg-agent.log","errorLogName":"common-error.log","coreLogger":{"consoleLevel":"WARN"},"allowDebugAtProd":false,"type":"application"}
2019-11-06 20:03:09,352 INFO 9620 [egg-multipart] stream mode enable
2019-11-06 20:03:21,428 INFO 9620 [egg-mongoose] connecting mongodb://127.0.0.1/shoppingMall
2019-11-06 20:03:29,457 INFO 9620 [egg-static] starting static serve /public/ -> C:\Users\Administrator\Desktop\shoppingmall\server\app\public
2019-11-06 20:03:29,482 INFO 9620 [egg-security] use methodnoallow middleware
2019-11-06 20:03:29,483 INFO 9620 [egg-security] use noopen middleware
2019-11-06 20:03:29,485 INFO 9620 [egg-security] use nosniff middleware
2019-11-06 20:03:29,485 INFO 9620 [egg-security] use xssProtection middleware
2019-11-06 20:03:29,486 INFO 9620 [egg-security] use xframe middleware
2019-11-06 20:03:29,487 INFO 9620 [egg-security] use dta middleware
2019-11-06 20:03:29,487 INFO 9620 [egg-security] compose 6 middlewares into one security middleware
2019-11-06 20:03:29,816 INFO 9620 [egg:core] dump config after load, 8ms
2019-11-06 20:03:29,823 INFO 9620 [egg-mongoose] starting...
2019-11-06 20:03:29,895 INFO 9620 [egg-mongoose] mongodb://127.0.0.1/shoppingMall connected successfully
2019-11-06 20:03:29,904 INFO 9620 [egg-mongoose] instance[0] start successfully
2019-11-06 20:03:29,910 INFO 9620 [egg-watcher:application] watcher start success
2019-11-06 20:03:29,925 INFO 9620 [egg:core] dump config after ready, 13ms
2019-11-07 08:16:52,452 INFO 10948 [egg:logger] init all loggers with options: {"dir":"C:\\Users\\Administrator\\Desktop\\shoppingmall\\server\\logs\\server","encoding":"utf8","env":"local","level":"INFO","consoleLevel":"INFO","disableConsoleAfterReady":false,"outputJSON":false,"buffer":true,"appLogName":"server-web.log","coreLogName":"egg-web.log","agentLogName":"egg-agent.log","errorLogName":"common-error.log","coreLogger":{"consoleLevel":"WARN"},"allowDebugAtProd":false,"type":"application"}
2019-11-07 08:16:52,479 INFO 10948 [egg-multipart] stream mode enable
2019-11-07 08:16:59,764 INFO 10948 [egg-mongoose] connecting mongodb://127.0.0.1/shoppingMall
2019-11-07 08:17:05,855 INFO 10948 [egg-static] starting static serve /public/ -> C:\Users\Administrator\Desktop\shoppingmall\server\app\public
2019-11-07 08:17:05,913 INFO 10948 [egg-security] use methodnoallow middleware
2019-11-07 08:17:05,924 INFO 10948 [egg-security] use noopen middleware
2019-11-07 08:17:05,925 INFO 10948 [egg-security] use nosniff middleware
2019-11-07 08:17:05,926 INFO 10948 [egg-security] use xssProtection middleware
2019-11-07 08:17:05,926 INFO 10948 [egg-security] use xframe middleware
2019-11-07 08:17:05,927 INFO 10948 [egg-security] use dta middleware
2019-11-07 08:17:05,927 INFO 10948 [egg-security] compose 6 middlewares into one security middleware
2019-11-07 08:17:06,136 INFO 10948 [egg:core] dump config after load, 7ms
2019-11-07 08:17:06,142 INFO 10948 [egg-mongoose] starting...
2019-11-07 08:17:06,241 INFO 10948 [egg-mongoose] mongodb://127.0.0.1/shoppingMall connected successfully
2019-11-07 08:17:06,254 INFO 10948 [egg-mongoose] instance[0] start successfully
2019-11-07 08:17:06,268 INFO 10948 [egg-watcher:application] watcher start success
2019-11-07 08:17:06,279 INFO 10948 [egg:core] dump config after ready, 9ms
2019-11-07 20:12:52,084 INFO 9380 [egg:logger] init all loggers with options: {"dir":"C:\\Users\\Administrator\\Desktop\\shoppingmall\\server\\logs\\server","encoding":"utf8","env":"local","level":"INFO","consoleLevel":"INFO","disableConsoleAfterReady":false,"outputJSON":false,"buffer":true,"appLogName":"server-web.log","coreLogName":"egg-web.log","agentLogName":"egg-agent.log","errorLogName":"common-error.log","coreLogger":{"consoleLevel":"WARN"},"allowDebugAtProd":false,"type":"application"}
2019-11-07 20:12:52,112 INFO 9380 [egg-multipart] stream mode enable
2019-11-07 20:12:59,908 INFO 9380 [egg-mongoose] connecting mongodb://127.0.0.1/shoppingMall
2019-11-07 20:13:05,529 INFO 9380 [egg-static] starting static serve /public/ -> C:\Users\Administrator\Desktop\shoppingmall\server\app\public
2019-11-07 20:13:05,553 INFO 9380 [egg-security] use methodnoallow middleware
2019-11-07 20:13:05,555 INFO 9380 [egg-security] use noopen middleware
2019-11-07 20:13:05,557 INFO 9380 [egg-security] use nosniff middleware
2019-11-07 20:13:05,558 INFO 9380 [egg-security] use xssProtection middleware
2019-11-07 20:13:05,558 INFO 9380 [egg-security] use xframe middleware
2019-11-07 20:13:05,559 INFO 9380 [egg-security] use dta middleware
2019-11-07 20:13:05,559 INFO 9380 [egg-security] compose 6 middlewares into one security middleware
2019-11-07 20:13:05,913 INFO 9380 [egg:core] dump config after load, 10ms
2019-11-07 20:13:05,921 INFO 9380 [egg-mongoose] starting...
2019-11-07 20:13:06,039 INFO 9380 [egg-mongoose] mongodb://127.0.0.1/shoppingMall connected successfully
2019-11-07 20:13:06,053 INFO 9380 [egg-mongoose] instance[0] start successfully
2019-11-07 20:13:06,060 INFO 9380 [egg-watcher:application] watcher start success
2019-11-07 20:13:06,087 INFO 9380 [egg:core] dump config after ready, 25ms
2019-11-08 08:14:29,166 INFO 9016 [egg:logger] init all loggers with options: {"dir":"C:\\Users\\Administrator\\Desktop\\shoppingmall\\server\\logs\\server","encoding":"utf8","env":"local","level":"INFO","consoleLevel":"INFO","disableConsoleAfterReady":false,"outputJSON":false,"buffer":true,"appLogName":"server-web.log","coreLogName":"egg-web.log","agentLogName":"egg-agent.log","errorLogName":"common-error.log","coreLogger":{"consoleLevel":"WARN"},"allowDebugAtProd":false,"type":"application"}
2019-11-08 08:14:29,202 INFO 9016 [egg-multipart] stream mode enable
2019-11-08 08:14:39,974 INFO 9016 [egg-mongoose] connecting mongodb://127.0.0.1/shoppingMall
2019-11-08 08:14:45,313 INFO 9016 [egg-static] starting static serve /public/ -> C:\Users\Administrator\Desktop\shoppingmall\server\app\public
2019-11-08 08:14:45,342 INFO 9016 [egg-security] use methodnoallow middleware
2019-11-08 08:14:45,343 INFO 9016 [egg-security] use noopen middleware
2019-11-08 08:14:45,345 INFO 9016 [egg-security] use nosniff middleware
2019-11-08 08:14:45,345 INFO 9016 [egg-security] use xssProtection middleware
2019-11-08 08:14:45,346 INFO 9016 [egg-security] use xframe middleware
2019-11-08 08:14:45,347 INFO 9016 [egg-security] use dta middleware
2019-11-08 08:14:45,347 INFO 9016 [egg-security] compose 6 middlewares into one security middleware
2019-11-08 08:14:45,546 INFO 9016 [egg:core] dump config after load, 11ms
2019-11-08 08:14:45,553 INFO 9016 [egg-mongoose] starting...
2019-11-08 08:14:45,632 INFO 9016 [egg-mongoose] mongodb://127.0.0.1/shoppingMall connected successfully
2019-11-08 08:14:45,640 INFO 9016 [egg-mongoose] instance[0] start successfully
2019-11-08 08:14:45,642 INFO 9016 [egg-watcher:application] watcher start success
2019-11-08 08:14:45,656 INFO 9016 [egg:core] dump config after ready, 11ms
